<?xml version="1.0" encoding="UTF-8"?>
<testsuite xmlns:xsi="http://www.w3.org/2001/XMLSchema-instance" xsi:noNamespaceSchemaLocation="https://maven.apache.org/surefire/maven-surefire-plugin/xsd/surefire-test-report-3.0.xsd" version="3.0" name="br.com.fiap.Notificacao.de.acidentes.NotificacaoDeAcidentesApplicationTests" time="11.23" tests="1" errors="0" skipped="0" failures="0">
  <properties>
[...]
</properties>
  <testcase name="contextLoads" classname="br.com.fiap.Notificacao.de.acidentes.NotificacaoDeAcidentesApplicationTests" time="0.601">
    <system-out><![CDATA[23:30:09.171 [main] INFO org.springframework.test.context.support.AnnotationConfigContextLoaderUtils -- Could not detect default configuration classes for test class [br.com.fiap.Notificacao.de.acidentes.NotificacaoDeAcidentesApplicationTests]: NotificacaoDeAcidentesApplicationTests does not declare any static, non-private, non-final, nested classes annotated with @Configuration.
23:30:09.289 [main] INFO org.springframework.boot.test.context.SpringBootTestContextBootstrapper -- Found @SpringBootConfiguration br.com.fiap.Notificacao.de.acidentes.NotificacaoDeAcidentesApplication for test class br.com.fiap.Notificacao.de.acidentes.NotificacaoDeAcidentesApplicationTests
  .   ____          _            __ _ _
 /\\ / ___'_ __ _ _(_)_ __  __ _ \ \ \ \
( ( )\___ | '_ | '_| | '_ \/ _` | \ \ \ \
 \\/  ___)| |_)| | | | | || (_| |  ) ) ) )
  '  |____| .__|_| |_|_| |_\__, | / / / /
 =========|_|==============|___/=/_/_/_/

 :: Spring Boot ::                (v3.3.0)

2024-10-16T23:30:09.773-03:00  INFO 2472 --- [Notificacao-de-acidentes] [           main] a.NotificacaoDeAcidentesApplicationTests : Starting NotificacaoDeAcidentesApplicationTests using Java 23 with PID 2472 (started by rafae in C:\Users\rafae\OneDrive\Área de Trabalho\notificacao-acidentes---CI-CD)
2024-10-16T23:30:09.774-03:00  INFO 2472 --- [Notificacao-de-acidentes] [           main] a.NotificacaoDeAcidentesApplicationTests : No active profile set, falling back to 1 default profile: "default"
2024-10-16T23:30:10.641-03:00  INFO 2472 --- [Notificacao-de-acidentes] [           main] .s.d.r.c.RepositoryConfigurationDelegate : Bootstrapping Spring Data JPA repositories in DEFAULT mode.
2024-10-16T23:30:10.716-03:00  INFO 2472 --- [Notificacao-de-acidentes] [           main] .s.d.r.c.RepositoryConfigurationDelegate : Finished Spring Data repository scanning in 64 ms. Found 2 JPA repository interfaces.
2024-10-16T23:30:11.409-03:00  INFO 2472 --- [Notificacao-de-acidentes] [           main] o.hibernate.jpa.internal.util.LogHelper  : HHH000204: Processing PersistenceUnitInfo [name: default]
2024-10-16T23:30:11.497-03:00  INFO 2472 --- [Notificacao-de-acidentes] [           main] org.hibernate.Version                    : HHH000412: Hibernate ORM core version 6.5.2.Final
2024-10-16T23:30:11.544-03:00  INFO 2472 --- [Notificacao-de-acidentes] [           main] o.h.c.internal.RegionFactoryInitiator    : HHH000026: Second-level cache disabled
2024-10-16T23:30:11.962-03:00  INFO 2472 --- [Notificacao-de-acidentes] [           main] o.s.o.j.p.SpringPersistenceUnitInfo      : No LoadTimeWeaver setup: ignoring JPA class transformer
2024-10-16T23:30:11.998-03:00  INFO 2472 --- [Notificacao-de-acidentes] [           main] com.zaxxer.hikari.HikariDataSource       : HikariPool-1 - Starting...
2024-10-16T23:30:12.573-03:00  INFO 2472 --- [Notificacao-de-acidentes] [           main] com.zaxxer.hikari.pool.HikariPool        : HikariPool-1 - Added connection oracle.jdbc.driver.T4CConnection@1a0d313
2024-10-16T23:30:12.575-03:00  INFO 2472 --- [Notificacao-de-acidentes] [           main] com.zaxxer.hikari.HikariDataSource       : HikariPool-1 - Start completed.
2024-10-16T23:30:13.936-03:00  INFO 2472 --- [Notificacao-de-acidentes] [           main] o.h.e.t.j.p.i.JtaPlatformInitiator       : HHH000489: No JTA platform available (set 'hibernate.transaction.jta.platform' to enable JTA platform integration)
2024-10-16T23:30:18.368-03:00  INFO 2472 --- [Notificacao-de-acidentes] [           main] j.LocalContainerEntityManagerFactoryBean : Initialized JPA EntityManagerFactory for persistence unit 'default'
2024-10-16T23:30:18.814-03:00  INFO 2472 --- [Notificacao-de-acidentes] [           main] r$InitializeUserDetailsManagerConfigurer : Global AuthenticationManager configured with UserDetailsService bean with name authorizationService
2024-10-16T23:30:18.861-03:00  WARN 2472 --- [Notificacao-de-acidentes] [           main] JpaBaseConfiguration$JpaWebConfiguration : spring.jpa.open-in-view is enabled by default. Therefore, database queries may be performed during view rendering. Explicitly configure spring.jpa.open-in-view to disable this warning
2024-10-16T23:30:19.235-03:00  INFO 2472 --- [Notificacao-de-acidentes] [           main] o.s.s.web.DefaultSecurityFilterChain     : Will secure any request with [org.springframework.security.web.session.DisableEncodeUrlFilter@53850535, org.springframework.security.web.context.request.async.WebAsyncManagerIntegrationFilter@19565b5, org.springframework.security.web.context.SecurityContextHolderFilter@2a5d9ede, org.springframework.security.web.header.HeaderWriterFilter@765e5a55, org.springframework.web.filter.CorsFilter@2ac7c683, org.springframework.security.web.authentication.logout.LogoutFilter@40aaf656, br.com.fiap.Notificacao.de.acidentes.config.security.VerificarToken@6c0bf8f4, org.springframework.security.web.savedrequest.RequestCacheAwareFilter@2c3f81ef, org.springframework.security.web.servletapi.SecurityContextHolderAwareRequestFilter@2e2a2b07, org.springframework.security.web.authentication.AnonymousAuthenticationFilter@407ff25f, org.springframework.security.web.session.SessionManagementFilter@709c6768, org.springframework.security.web.access.ExceptionTranslationFilter@3c6d3ba, org.springframework.security.web.access.intercept.AuthorizationFilter@51806858]
2024-10-16T23:30:19.574-03:00  INFO 2472 --- [Notificacao-de-acidentes] [           main] a.NotificacaoDeAcidentesApplicationTests : Started NotificacaoDeAcidentesApplicationTests in 10.101 seconds (process running for 11.146)
]]></system-out>
    <system-err><![CDATA[WARNING: A Java agent has been loaded dynamically (C:\Users\rafae\.m2\repository\net\bytebuddy\byte-buddy-agent\1.14.16\byte-buddy-agent-1.14.16.jar)
WARNING: If a serviceability tool is in use, please run with -XX:+EnableDynamicAgentLoading to hide this warning
WARNING: If a serviceability tool is not in use, please run with -Djdk.instrument.traceUsage for more information
WARNING: Dynamic loading of agents will be disallowed by default in a future release
]]></system-err>
  </testcase>
</testsuite>